Determining if the Q_WS_WIN exist failed with the following output:
Change Dir: /home/sergio/sergiosrobotica/componentes/sergio-pc/choconFinal/CMakeFiles/CMakeTmp

Run Build Command:"/usr/bin/make" "cmTC_34a5c/fast"
/usr/bin/make -f CMakeFiles/cmTC_34a5c.dir/build.make CMakeFiles/cmTC_34a5c.dir/build
make[1]: se entra en el directorio '/home/sergio/sergiosrobotica/componentes/sergio-pc/choconFinal/CMakeFiles/CMakeTmp'
Building CXX object CMakeFiles/cmTC_34a5c.dir/CheckSymbolExists.cxx.o
/usr/bin/c++    -I/usr/include/qt4   -o CMakeFiles/cmTC_34a5c.dir/CheckSymbolExists.cxx.o -c /home/sergio/sergiosrobotica/componentes/sergio-pc/choconFinal/CMakeFiles/CMakeTmp/CheckSymbolExists.cxx
/home/sergio/sergiosrobotica/componentes/sergio-pc/choconFinal/CMakeFiles/CMakeTmp/CheckSymbolExists.cxx: In function ‘int main(int, char**)’:
/home/sergio/sergiosrobotica/componentes/sergio-pc/choconFinal/CMakeFiles/CMakeTmp/CheckSymbolExists.cxx:8:19: error: ‘Q_WS_WIN’ was not declared in this scope
   return ((int*)(&Q_WS_WIN))[argc];
                   ^
CMakeFiles/cmTC_34a5c.dir/build.make:65: fallo en las instrucciones para el objetivo 'CMakeFiles/cmTC_34a5c.dir/CheckSymbolExists.cxx.o'
make[1]: *** [CMakeFiles/cmTC_34a5c.dir/CheckSymbolExists.cxx.o] Error 1
make[1]: se sale del directorio '/home/sergio/sergiosrobotica/componentes/sergio-pc/choconFinal/CMakeFiles/CMakeTmp'
Makefile:126: fallo en las instrucciones para el objetivo 'cmTC_34a5c/fast'
make: *** [cmTC_34a5c/fast] Error 2

File /home/sergio/sergiosrobotica/componentes/sergio-pc/choconFinal/CMakeFiles/CMakeTmp/CheckSymbolExists.cxx:
/* */
#include <QtCore/qglobal.h>

int main(int argc, char** argv)
{
  (void)argv;
#ifndef Q_WS_WIN
  return ((int*)(&Q_WS_WIN))[argc];
#else
  (void)argc;
  return 0;
#endif
}

Determining if the Q_WS_QWS exist failed with the following output:
Change Dir: /home/sergio/sergiosrobotica/componentes/sergio-pc/choconFinal/CMakeFiles/CMakeTmp

Run Build Command:"/usr/bin/make" "cmTC_131df/fast"
/usr/bin/make -f CMakeFiles/cmTC_131df.dir/build.make CMakeFiles/cmTC_131df.dir/build
make[1]: se entra en el directorio '/home/sergio/sergiosrobotica/componentes/sergio-pc/choconFinal/CMakeFiles/CMakeTmp'
Building CXX object CMakeFiles/cmTC_131df.dir/CheckSymbolExists.cxx.o
/usr/bin/c++    -I/usr/include/qt4   -o CMakeFiles/cmTC_131df.dir/CheckSymbolExists.cxx.o -c /home/sergio/sergiosrobotica/componentes/sergio-pc/choconFinal/CMakeFiles/CMakeTmp/CheckSymbolExists.cxx
/home/sergio/sergiosrobotica/componentes/sergio-pc/choconFinal/CMakeFiles/CMakeTmp/CheckSymbolExists.cxx: In function ‘int main(int, char**)’:
/home/sergio/sergiosrobotica/componentes/sergio-pc/choconFinal/CMakeFiles/CMakeTmp/CheckSymbolExists.cxx:8:19: error: ‘Q_WS_QWS’ was not declared in this scope
   return ((int*)(&Q_WS_QWS))[argc];
                   ^
CMakeFiles/cmTC_131df.dir/build.make:65: fallo en las instrucciones para el objetivo 'CMakeFiles/cmTC_131df.dir/CheckSymbolExists.cxx.o'
make[1]: *** [CMakeFiles/cmTC_131df.dir/CheckSymbolExists.cxx.o] Error 1
make[1]: se sale del directorio '/home/sergio/sergiosrobotica/componentes/sergio-pc/choconFinal/CMakeFiles/CMakeTmp'
Makefile:126: fallo en las instrucciones para el objetivo 'cmTC_131df/fast'
make: *** [cmTC_131df/fast] Error 2

File /home/sergio/sergiosrobotica/componentes/sergio-pc/choconFinal/CMakeFiles/CMakeTmp/CheckSymbolExists.cxx:
/* */
#include <QtCore/qglobal.h>

int main(int argc, char** argv)
{
  (void)argv;
#ifndef Q_WS_QWS
  return ((int*)(&Q_WS_QWS))[argc];
#else
  (void)argc;
  return 0;
#endif
}

Determining if the Q_WS_MAC exist failed with the following output:
Change Dir: /home/sergio/sergiosrobotica/componentes/sergio-pc/choconFinal/CMakeFiles/CMakeTmp

Run Build Command:"/usr/bin/make" "cmTC_e5bc1/fast"
/usr/bin/make -f CMakeFiles/cmTC_e5bc1.dir/build.make CMakeFiles/cmTC_e5bc1.dir/build
make[1]: se entra en el directorio '/home/sergio/sergiosrobotica/componentes/sergio-pc/choconFinal/CMakeFiles/CMakeTmp'
Building CXX object CMakeFiles/cmTC_e5bc1.dir/CheckSymbolExists.cxx.o
/usr/bin/c++    -I/usr/include/qt4   -o CMakeFiles/cmTC_e5bc1.dir/CheckSymbolExists.cxx.o -c /home/sergio/sergiosrobotica/componentes/sergio-pc/choconFinal/CMakeFiles/CMakeTmp/CheckSymbolExists.cxx
/home/sergio/sergiosrobotica/componentes/sergio-pc/choconFinal/CMakeFiles/CMakeTmp/CheckSymbolExists.cxx: In function ‘int main(int, char**)’:
/home/sergio/sergiosrobotica/componentes/sergio-pc/choconFinal/CMakeFiles/CMakeTmp/CheckSymbolExists.cxx:8:19: error: ‘Q_WS_MAC’ was not declared in this scope
   return ((int*)(&Q_WS_MAC))[argc];
                   ^
CMakeFiles/cmTC_e5bc1.dir/build.make:65: fallo en las instrucciones para el objetivo 'CMakeFiles/cmTC_e5bc1.dir/CheckSymbolExists.cxx.o'
make[1]: *** [CMakeFiles/cmTC_e5bc1.dir/CheckSymbolExists.cxx.o] Error 1
make[1]: se sale del directorio '/home/sergio/sergiosrobotica/componentes/sergio-pc/choconFinal/CMakeFiles/CMakeTmp'
Makefile:126: fallo en las instrucciones para el objetivo 'cmTC_e5bc1/fast'
make: *** [cmTC_e5bc1/fast] Error 2

File /home/sergio/sergiosrobotica/componentes/sergio-pc/choconFinal/CMakeFiles/CMakeTmp/CheckSymbolExists.cxx:
/* */
#include <QtCore/qglobal.h>

int main(int argc, char** argv)
{
  (void)argv;
#ifndef Q_WS_MAC
  return ((int*)(&Q_WS_MAC))[argc];
#else
  (void)argc;
  return 0;
#endif
}

